app/build/outputs/logs/manifest-merger-release-report.txt
-- Merging decision tree log ---
manifest
ADDED from src\main\AndroidManifest.xml:2:1-252:12
	package
		ADDED from src\main\AndroidManifest.xml:3:5-34
		INJECTED from src\main\AndroidManifest.xml
		INJECTED from src\main\AndroidManifest.xml
	android:versionName
		ADDED from src\main\AndroidManifest.xml:5:5-30
		INJECTED from src\main\AndroidManifest.xml
		INJECTED from src\main\AndroidManifest.xml
	android:versionCode
		ADDED from src\main\AndroidManifest.xml:4:5-28
		INJECTED from src\main\AndroidManifest.xml
		INJECTED from src\main\AndroidManifest.xml
	xmlns:android
		ADDED from src\main\AndroidManifest.xml:2:11-69
uses-sdk
ADDED from src\main\AndroidManifest.xml:7:5-9:41
MERGED from [com.android.support:multidex:1.0.1] AndroidManifest.xml:18:5-42
MERGED from [com.android.support:design:23.1.1] AndroidManifest.xml:20:5-43
MERGED from [com.android.support:recyclerview-v7:23.1.1] AndroidManifest.xml:20:5-43
MERGED from [com.android.support:cardview-v7:23.0.1] AndroidManifest.xml:20:5-43
MERGED from [com.google.android.gms:play-services:9.0.0] AndroidManifest.xml:4:5-42
MERGED from [com.google.android.gms:play-services-ads:9.0.0] AndroidManifest.xml:19:5-42
MERGED from [com.google.android.gms:play-services-ads-lite:9.0.0] AndroidManifest.xml:23:5-42
MERGED from [com.google.android.gms:play-services-analytics:9.0.0] AndroidManifest.xml:18:5-42
MERGED from [com.google.android.gms:play-services-appinvite:9.0.0] AndroidManifest.xml:18:5-42
MERGED from [com.google.android.gms:play-services-auth:9.0.0] AndroidManifest.xml:18:5-43
MERGED from [com.google.android.gms:play-services-cast:9.0.0] AndroidManifest.xml:18:5-42
MERGED from [com.android.support:mediarouter-v7:23.0.0] AndroidManifest.xml:20:5-43
MERGED from [com.android.support:appcompat-v7:23.1.1] AndroidManifest.xml:20:5-43
MERGED from [com.google.firebase:firebase-config:9.0.0] AndroidManifest.xml:18:5-42
MERGED from [com.google.firebase:firebase-crash:9.0.0] AndroidManifest.xml:22:5-42
MERGED from [com.google.firebase:firebase-auth:9.0.0] AndroidManifest.xml:18:5-43
MERGED from [com.google.firebase:firebase-auth-common:9.0.0] AndroidManifest.xml:18:5-43
MERGED from [com.google.firebase:firebase-auth-module:9.0.0] AndroidManifest.xml:4:5-43
MERGED from [com.google.firebase:firebase-database:9.0.0] AndroidManifest.xml:5:5-43
MERGED from [com.google.firebase:firebase-database-connection:9.0.0] AndroidManifest.xml:5:5-43
MERGED from [com.google.firebase:firebase-messaging:9.0.0] AndroidManifest.xml:18:5-42
MERGED from [com.google.firebase:firebase-storage:9.0.0] AndroidManifest.xml:5:5-43
MERGED from [com.google.firebase:firebase-storage-common:9.0.0] AndroidManifest.xml:5:5-43
MERGED from [com.google.android.gms:play-services-fitness:9.0.0] AndroidManifest.xml:18:5-42
MERGED from [com.google.android.gms:play-services-games:9.0.0] AndroidManifest.xml:18:5-42
MERGED from [com.google.android.gms:play-services-drive:9.0.0] AndroidManifest.xml:18:5-42
MERGED from [com.google.android.gms:play-services-gcm:9.0.0] AndroidManifest.xml:18:5-42
MERGED from [com.google.android.gms:play-services-appindexing:9.0.0] AndroidManifest.xml:18:5-42
MERGED from [com.google.android.gms:play-services-iid:9.0.0] AndroidManifest.xml:18:5-42
MERGED from [com.google.android.gms:play-services-location:9.0.0] AndroidManifest.xml:18:5-42
MERGED from [com.google.android.gms:play-services-nearby:9.0.0] AndroidManifest.xml:18:5-42
MERGED from [com.google.android.gms:play-services-panorama:9.0.0] AndroidManifest.xml:18:5-42
MERGED from [com.google.android.gms:play-services-plus:9.0.0] AndroidManifest.xml:18:5-42
MERGED from [com.google.android.gms:play-services-auth-base:9.0.0] AndroidManifest.xml:5:5-43
MERGED from [com.google.android.gms:play-services-safetynet:9.0.0] AndroidManifest.xml:18:5-42
MERGED from [com.google.android.gms:play-services-tagmanager:9.0.0] AndroidManifest.xml:18:5-42
MERGED from [com.google.android.gms:play-services-analytics-impl:9.0.0] AndroidManifest.xml:18:5-42
MERGED from [com.google.android.gms:play-services-tagmanager-api:9.0.0] AndroidManifest.xml:18:5-42
MERGED from [com.google.android.gms:play-services-vision:9.0.0] AndroidManifest.xml:4:5-42
MERGED from [com.google.android.gms:play-services-wallet:9.0.0] AndroidManifest.xml:19:5-42
MERGED from [com.google.android.gms:play-services-identity:9.0.0] AndroidManifest.xml:18:5-42
MERGED from [com.google.android.gms:play-services-maps:9.0.0] AndroidManifest.xml:26:5-42
MERGED from [com.google.android.gms:play-services-wearable:9.0.0] AndroidManifest.xml:18:5-42
MERGED from [com.google.firebase:firebase-core:9.0.0] AndroidManifest.xml:4:5-42
MERGED from [com.google.firebase:firebase-analytics:9.0.0] AndroidManifest.xml:18:5-42
MERGED from [com.google.firebase:firebase-analytics-impl:9.0.0] AndroidManifest.xml:18:5-42
MERGED from [com.google.android.gms:play-services-base:9.0.0] AndroidManifest.xml:18:5-42
MERGED from [com.google.firebase:firebase-iid:9.0.0] AndroidManifest.xml:18:5-42
MERGED from [com.google.firebase:firebase-common:9.0.0] AndroidManifest.xml:4:5-43
MERGED from [com.google.android.gms:play-services-tasks:9.0.0] AndroidManifest.xml:4:5-43
MERGED from [com.google.android.gms:play-services-basement:9.0.0] AndroidManifest.xml:18:5-42
MERGED from [com.android.support:support-v4:23.1.1] AndroidManifest.xml:20:5-43
	android:targetSdkVersion
		ADDED from src\main\AndroidManifest.xml:9:9-38
		INJECTED from src\main\AndroidManifest.xml
		INJECTED from src\main\AndroidManifest.xml
	android:minSdkVersion
		ADDED from src\main\AndroidManifest.xml:8:9-35
		INJECTED from src\main\AndroidManifest.xml
		INJECTED from src\main\AndroidManifest.xml
permission#com.medical.doctfin.permission.C2D_MESSAGE
ADDED from src\main\AndroidManifest.xml:11:5-13:47
MERGED from [com.google.firebase:firebase-iid:9.0.0] AndroidManifest.xml:25:5-26:47
	android:protectionLevel
		ADDED from src\main\AndroidManifest.xml:13:9-44
	android:name
		ADDED from src\main\AndroidManifest.xml:12:9-66
uses-permission#android.permission.GET_ACCOUNTS
ADDED from src\main\AndroidManifest.xml:15:5-71
	android:name
		ADDED from src\main\AndroidManifest.xml:15:22-68
uses-permission#android.permission.WAKE_LOCK
ADDED from src\main\AndroidManifest.xml:16:5-68
MERGED from [com.google.android.gms:play-services-analytics:9.0.0] AndroidManifest.xml:25:5-67
MERGED from [com.google.android.gms:play-services-analytics-impl:9.0.0] AndroidManifest.xml:25:5-67
MERGED from [com.google.firebase:firebase-analytics:9.0.0] AndroidManifest.xml:24:5-67
MERGED from [com.google.firebase:firebase-analytics-impl:9.0.0] AndroidManifest.xml:24:5-67
MERGED from [com.google.firebase:firebase-iid:9.0.0] AndroidManifest.xml:22:5-68
	android:name
		ADDED from src\main\AndroidManifest.xml:16:22-65
uses-permission#android.permission.VIBRATE
ADDED from src\main\AndroidManifest.xml:17:5-66
	android:name
		ADDED from src\main\AndroidManifest.xml:17:22-63
uses-permission#android.permission.WRITE_EXTERNAL_STORAGE
ADDED from src\main\AndroidManifest.xml:18:5-81
	android:name
		ADDED from src\main\AndroidManifest.xml:18:22-78
uses-permission#android.permission.INTERNET
ADDED from src\main\AndroidManifest.xml:19:5-67
MERGED from [com.google.android.gms:play-services-ads-lite:9.0.0] AndroidManifest.xml:20:5-66
MERGED from [com.google.android.gms:play-services-analytics:9.0.0] AndroidManifest.xml:21:5-67
MERGED from [com.google.android.gms:play-services-appinvite:9.0.0] AndroidManifest.xml:19:5-67
MERGED from [com.google.firebase:firebase-crash:9.0.0] AndroidManifest.xml:20:5-66
MERGED from [com.google.android.gms:play-services-gcm:9.0.0] AndroidManifest.xml:22:5-67
MERGED from [com.google.android.gms:play-services-iid:9.0.0] AndroidManifest.xml:22:5-67
MERGED from [com.google.android.gms:play-services-analytics-impl:9.0.0] AndroidManifest.xml:21:5-67
MERGED from [com.google.android.gms:play-services-tagmanager-api:9.0.0] AndroidManifest.xml:21:5-67
MERGED from [com.google.android.gms:play-services-maps:9.0.0] AndroidManifest.xml:21:5-66
MERGED from [com.google.firebase:firebase-analytics:9.0.0] AndroidManifest.xml:21:5-67
MERGED from [com.google.firebase:firebase-analytics-impl:9.0.0] AndroidManifest.xml:21:5-67
MERGED from [com.google.firebase:firebase-iid:9.0.0] AndroidManifest.xml:21:5-67
	android:name
		ADDED from src\main\AndroidManifest.xml:19:22-64
uses-permission#android.permission.ACCESS_NETWORK_STATE
ADDED from src\main\AndroidManifest.xml:20:5-79
MERGED from [com.google.android.gms:play-services-ads-lite:9.0.0] AndroidManifest.xml:21:5-78
MERGED from [com.google.android.gms:play-services-analytics:9.0.0] AndroidManifest.xml:22:5-79
MERGED from [com.google.android.gms:play-services-nearby:9.0.0] AndroidManifest.xml:19:5-79
MERGED from [com.google.android.gms:play-services-analytics-impl:9.0.0] AndroidManifest.xml:22:5-79
MERGED from [com.google.android.gms:play-services-tagmanager-api:9.0.0] AndroidManifest.xml:22:5-79
MERGED from [com.google.android.gms:play-services-maps:9.0.0] AndroidManifest.xml:20:5-78
MERGED from [com.google.firebase:firebase-analytics:9.0.0] AndroidManifest.xml:22:5-79
MERGED from [com.google.firebase:firebase-analytics-impl:9.0.0] AndroidManifest.xml:22:5-79
MERGED from [com.google.firebase:firebase-iid:9.0.0] AndroidManifest.xml:20:5-79
	android:name
		ADDED from src\main\AndroidManifest.xml:20:22-76
uses-permission#android.permission.ACCESS_COARSE_LOCATION
ADDED from src\main\AndroidManifest.xml:21:5-81
	android:name
		ADDED from src\main\AndroidManifest.xml:21:22-78
uses-permission#android.permission.READ_EXTERNAL_STORAGE
ADDED from src\main\AndroidManifest.xml:22:5-80
	android:name
		ADDED from src\main\AndroidManifest.xml:22:22-77
uses-permission#android.permission.ACCESS_FINE_LOCATION
ADDED from src\main\AndroidManifest.xml:23:5-79
	android:name
		ADDED from src\main\AndroidManifest.xml:23:22-76
uses-permission#android.permission.CAMERA
ADDED from src\main\AndroidManifest.xml:24:5-65
	android:name
		ADDED from src\main\AndroidManifest.xml:24:22-62
uses-permission#com.google.android.providers.gsf.permission.READ_GSERVICES
ADDED from src\main\AndroidManifest.xml:25:5-98
	android:name
		ADDED from src\main\AndroidManifest.xml:25:22-95
uses-permission#com.javapapers.android.maps.path.permission.MAPS_RECEIVE
ADDED from src\main\AndroidManifest.xml:26:5-96
	android:name
		ADDED from src\main\AndroidManifest.xml:26:22-93
uses-permission#com.medical.doctfin.permission.C2D_MESSAGE
ADDED from src\main\AndroidManifest.xml:27:5-82
MERGED from [com.google.firebase:firebase-iid:9.0.0] AndroidManifest.xml:28:5-79
	android:name
		ADDED from src\main\AndroidManifest.xml:27:22-79
uses-permission#com.google.android.c2dm.permission.RECEIVE
ADDED from src\main\AndroidManifest.xml:28:5-82
MERGED from [com.google.android.gms:play-services-gcm:9.0.0] AndroidManifest.xml:21:5-82
MERGED from [com.google.android.gms:play-services-iid:9.0.0] AndroidManifest.xml:21:5-82
MERGED from [com.google.firebase:firebase-iid:9.0.0] AndroidManifest.xml:23:5-82
	android:name
		ADDED from src\main\AndroidManifest.xml:28:22-79
application
ADDED from src\main\AndroidManifest.xml:30:5-250:19
MERGED from [com.android.support:design:23.1.1] AndroidManifest.xml:22:5-20
MERGED from [com.android.support:cardview-v7:23.0.1] AndroidManifest.xml:22:5-20
MERGED from [com.google.android.gms:play-services:9.0.0] AndroidManifest.xml:5:5-20
MERGED from [com.google.android.gms:play-services-ads-lite:9.0.0] AndroidManifest.xml:24:5-32:19
MERGED from [com.google.android.gms:play-services-analytics:9.0.0] AndroidManifest.xml:27:5-20
MERGED from [com.google.android.gms:play-services-appinvite:9.0.0] AndroidManifest.xml:20:5-30:19
MERGED from [com.google.android.gms:play-services-auth:9.0.0] AndroidManifest.xml:20:5-32:19
MERGED from [com.google.android.gms:play-services-cast:9.0.0] AndroidManifest.xml:19:5-20
MERGED from [com.android.support:mediarouter-v7:23.0.0] AndroidManifest.xml:22:5-20
MERGED from [com.android.support:appcompat-v7:23.1.1] AndroidManifest.xml:22:5-20
MERGED from [com.google.firebase:firebase-config:9.0.0] AndroidManifest.xml:19:5-20
MERGED from [com.google.firebase:firebase-crash:9.0.0] AndroidManifest.xml:24:5-32:19
MERGED from [com.google.firebase:firebase-auth:9.0.0] AndroidManifest.xml:20:5-21:19
MERGED from [com.google.firebase:firebase-auth-common:9.0.0] AndroidManifest.xml:20:5-21:19
MERGED from [com.google.firebase:firebase-messaging:9.0.0] AndroidManifest.xml:20:5-32:19
MERGED from [com.google.android.gms:play-services-fitness:9.0.0] AndroidManifest.xml:19:5-20
MERGED from [com.google.android.gms:play-services-games:9.0.0] AndroidManifest.xml:19:5-20
MERGED from [com.google.android.gms:play-services-drive:9.0.0] AndroidManifest.xml:19:5-20
MERGED from [com.google.android.gms:play-services-gcm:9.0.0] AndroidManifest.xml:24:5-20
MERGED from [com.google.android.gms:play-services-appindexing:9.0.0] AndroidManifest.xml:19:5-20
MERGED from [com.google.android.gms:play-services-iid:9.0.0] AndroidManifest.xml:24:5-20
MERGED from [com.google.android.gms:play-services-location:9.0.0] AndroidManifest.xml:19:5-20
MERGED from [com.google.android.gms:play-services-nearby:9.0.0] AndroidManifest.xml:20:5-20
MERGED from [com.google.android.gms:play-services-panorama:9.0.0] AndroidManifest.xml:19:5-20
MERGED from [com.google.android.gms:play-services-plus:9.0.0] AndroidManifest.xml:19:5-20
MERGED from [com.google.android.gms:play-services-safetynet:9.0.0] AndroidManifest.xml:19:5-20
MERGED from [com.google.android.gms:play-services-analytics-impl:9.0.0] AndroidManifest.xml:27:5-20
MERGED from [com.google.android.gms:play-services-tagmanager-api:9.0.0] AndroidManifest.xml:24:5-38:19
MERGED from [com.google.android.gms:play-services-vision:9.0.0] AndroidManifest.xml:5:5-20
MERGED from [com.google.android.gms:play-services-identity:9.0.0] AndroidManifest.xml:19:5-20
MERGED from [com.google.android.gms:play-services-maps:9.0.0] AndroidManifest.xml:27:5-20
MERGED from [com.google.android.gms:play-services-wearable:9.0.0] AndroidManifest.xml:19:5-20
MERGED from [com.google.firebase:firebase-core:9.0.0] AndroidManifest.xml:5:5-20
MERGED from [com.google.firebase:firebase-analytics:9.0.0] AndroidManifest.xml:26:5-41:19
MERGED from [com.google.firebase:firebase-analytics-impl:9.0.0] AndroidManifest.xml:26:5-41:19
MERGED from [com.google.android.gms:play-services-base:9.0.0] AndroidManifest.xml:19:5-23:19
MERGED from [com.google.firebase:firebase-iid:9.0.0] AndroidManifest.xml:30:5-59:19
MERGED from [com.google.firebase:firebase-common:9.0.0] AndroidManifest.xml:5:5-12:19
MERGED from [com.google.android.gms:play-services-tasks:9.0.0] AndroidManifest.xml:5:5-20
MERGED from [com.google.android.gms:play-services-basement:9.0.0] AndroidManifest.xml:20:5-24:19
MERGED from [com.android.support:support-v4:23.1.1] AndroidManifest.xml:22:5-20
	android:label
		ADDED from src\main\AndroidManifest.xml:33:9-41
	android:allowBackup
		ADDED from src\main\AndroidManifest.xml:31:9-35
	android:icon
		ADDED from src\main\AndroidManifest.xml:32:9-42
	android:theme
		ADDED from src\main\AndroidManifest.xml:34:9-40
meta-data#com.google.android.gms.version
ADDED from src\main\AndroidManifest.xml:35:9-37:69
MERGED from [com.google.android.gms:play-services-basement:9.0.0] AndroidManifest.xml:21:9-23:69
	android:value
		ADDED from src\main\AndroidManifest.xml:37:13-66
	android:name
		ADDED from src\main\AndroidManifest.xml:36:13-58
meta-data#com.google.android.maps.v2.API_KEY
ADDED from src\main\AndroidManifest.xml:38:9-40:71
	android:value
		ADDED from src\main\AndroidManifest.xml:40:13-68
	android:name
		ADDED from src\main\AndroidManifest.xml:39:13-62
activity#com.medical.doctfin.MainActivity
ADDED from src\main\AndroidManifest.xml:50:9-59:20
	android:label
		ADDED from src\main\AndroidManifest.xml:53:13-45
	android:configChanges
		ADDED from src\main\AndroidManifest.xml:52:13-59
	android:name
		ADDED from src\main\AndroidManifest.xml:51:13-60
activity#com.medical.doctfin.UserRegistrationActivity
ADDED from src\main\AndroidManifest.xml:60:9-64:20
	android:label
		ADDED from src\main\AndroidManifest.xml:63:13-69
	android:configChanges
		ADDED from src\main\AndroidManifest.xml:62:13-59
	android:name
		ADDED from src\main\AndroidManifest.xml:61:13-72
activity#com.medical.doctfin.UserHomeActivity
ADDED from src\main\AndroidManifest.xml:65:9-76:20
	android:label
		ADDED from src\main\AndroidManifest.xml:68:13-45
	android:configChanges
		ADDED from src\main\AndroidManifest.xml:67:13-59
	android:name
		ADDED from src\main\AndroidManifest.xml:66:13-64
activity#com.medical.doctfin.SelectSpecialistTypeActivity
ADDED from src\main\AndroidManifest.xml:77:9-81:20
	android:label
		ADDED from src\main\AndroidManifest.xml:80:13-74
	android:configChanges
		ADDED from src\main\AndroidManifest.xml:79:13-59
	android:name
		ADDED from src\main\AndroidManifest.xml:78:13-76
activity#com.medical.doctfin.SelectSpecialistSubCatActivity
ADDED from src\main\AndroidManifest.xml:82:9-86:20
	android:label
		ADDED from src\main\AndroidManifest.xml:85:13-77
	android:configChanges
		ADDED from src\main\AndroidManifest.xml:84:13-59
	android:name
		ADDED from src\main\AndroidManifest.xml:83:13-78
activity#com.medical.doctfin.DisplayDoctorListActivity
ADDED from src\main\AndroidManifest.xml:87:9-91:20
	android:label
		ADDED from src\main\AndroidManifest.xml:90:13-71
	android:configChanges
		ADDED from src\main\AndroidManifest.xml:89:13-59
	android:name
		ADDED from src\main\AndroidManifest.xml:88:13-73
activity#com.medical.doctfin.DoctorProfileActivity
ADDED from src\main\AndroidManifest.xml:92:9-103:20
	android:label
		ADDED from src\main\AndroidManifest.xml:95:13-66
	android:configChanges
		ADDED from src\main\AndroidManifest.xml:94:13-59
	android:name
		ADDED from src\main\AndroidManifest.xml:93:13-69
activity#com.medical.doctfin.MapSupportFragmentActivity
ADDED from src\main\AndroidManifest.xml:104:9-108:20
	android:label
		ADDED from src\main\AndroidManifest.xml:107:13-72
	android:configChanges
		ADDED from src\main\AndroidManifest.xml:106:13-59
	android:name
		ADDED from src\main\AndroidManifest.xml:105:13-55
activity#com.medical.doctfin.MapFragmentActivity
ADDED from src\main\AndroidManifest.xml:109:9-120:20
	android:label
		ADDED from src\main\AndroidManifest.xml:112:13-64
	android:configChanges
		ADDED from src\main\AndroidManifest.xml:111:13-59
	android:name
		ADDED from src\main\AndroidManifest.xml:110:13-67
activity#com.medical.doctfin.AddAppointmentActivity
ADDED from src\main\AndroidManifest.xml:124:9-135:20
	android:label
		ADDED from src\main\AndroidManifest.xml:127:13-67
	android:configChanges
		ADDED from src\main\AndroidManifest.xml:126:13-59
	android:name
		ADDED from src\main\AndroidManifest.xml:125:13-70
activity#com.medical.doctfin.CustomGalleryActivity
ADDED from src\main\AndroidManifest.xml:136:9-146:20
	android:label
		ADDED from src\main\AndroidManifest.xml:139:13-66
	android:configChanges
		ADDED from src\main\AndroidManifest.xml:138:13-59
	android:name
		ADDED from src\main\AndroidManifest.xml:137:13-69
intent-filter#android.intent.category.DEFAULT+luminous.ACTION_MULTIPLE_PICK+luminous.ACTION_PICK
ADDED from src\main\AndroidManifest.xml:140:13-145:29
action#luminous.ACTION_PICK
ADDED from src\main\AndroidManifest.xml:141:17-63
	android:name
		ADDED from src\main\AndroidManifest.xml:141:25-60
action#luminous.ACTION_MULTIPLE_PICK
ADDED from src\main\AndroidManifest.xml:142:17-72
	android:name
		ADDED from src\main\AndroidManifest.xml:142:25-69
category#android.intent.category.DEFAULT
ADDED from src\main\AndroidManifest.xml:144:17-76
	android:name
		ADDED from src\main\AndroidManifest.xml:144:27-73
activity#com.medical.doctfin.DoctorInfoProfileActivity
ADDED from src\main\AndroidManifest.xml:147:9-151:20
	android:label
		ADDED from src\main\AndroidManifest.xml:150:13-71
	android:configChanges
		ADDED from src\main\AndroidManifest.xml:149:13-59
	android:name
		ADDED from src\main\AndroidManifest.xml:148:13-73
activity#com.medical.doctfin.DoctorListMapView
ADDED from src\main\AndroidManifest.xml:152:9-156:20
	android:label
		ADDED from src\main\AndroidManifest.xml:155:13-72
	android:configChanges
		ADDED from src\main\AndroidManifest.xml:154:13-59
	android:name
		ADDED from src\main\AndroidManifest.xml:153:13-65
activity#com.medical.doctfin.DateAndTimeActivity
ADDED from src\main\AndroidManifest.xml:157:9-161:20
	android:label
		ADDED from src\main\AndroidManifest.xml:160:13-65
	android:configChanges
		ADDED from src\main\AndroidManifest.xml:159:13-59
	android:name
		ADDED from src\main\AndroidManifest.xml:158:13-67
activity#com.medical.doctfin.AddReminderActivity
ADDED from src\main\AndroidManifest.xml:162:9-166:20
	android:label
		ADDED from src\main\AndroidManifest.xml:165:13-64
	android:configChanges
		ADDED from src\main\AndroidManifest.xml:164:13-59
	android:name
		ADDED from src\main\AndroidManifest.xml:163:13-67
activity#com.medical.doctfin.SplashScreenActivity
ADDED from src\main\AndroidManifest.xml:167:9-176:20
	android:label
		ADDED from src\main\AndroidManifest.xml:170:13-45
	android:configChanges
		ADDED from src\main\AndroidManifest.xml:169:13-59
	android:name
		ADDED from src\main\AndroidManifest.xml:168:13-68
intent-filter#android.intent.action.MAIN+android.intent.category.LAUNCHER
ADDED from src\main\AndroidManifest.xml:171:13-175:29
action#android.intent.action.MAIN
ADDED from src\main\AndroidManifest.xml:172:17-69
	android:name
		ADDED from src\main\AndroidManifest.xml:172:25-66
category#android.intent.category.LAUNCHER
ADDED from src\main\AndroidManifest.xml:174:17-77
	android:name
		ADDED from src\main\AndroidManifest.xml:174:27-74
activity#com.medical.doctfin.ChangePasswordActivity
ADDED from src\main\AndroidManifest.xml:177:9-181:20
	android:label
		ADDED from src\main\AndroidManifest.xml:180:13-67
	android:configChanges
		ADDED from src\main\AndroidManifest.xml:179:13-59
	android:name
		ADDED from src\main\AndroidManifest.xml:178:13-70
activity#com.medical.doctfin.PatientAppointMentDetail
ADDED from src\main\AndroidManifest.xml:182:9-186:20
	android:label
		ADDED from src\main\AndroidManifest.xml:185:13-79
	android:configChanges
		ADDED from src\main\AndroidManifest.xml:184:13-59
	android:name
		ADDED from src\main\AndroidManifest.xml:183:13-72
activity#com.medical.doctfin.DieasesImageActivity
ADDED from src\main\AndroidManifest.xml:187:9-191:20
	android:label
		ADDED from src\main\AndroidManifest.xml:190:13-65
	android:configChanges
		ADDED from src\main\AndroidManifest.xml:189:14-60
	android:name
		ADDED from src\main\AndroidManifest.xml:188:13-68
receiver#com.medical.notification.GcmBroadcastReceiver
ADDED from src\main\AndroidManifest.xml:196:9-206:20
	android:exported
		ADDED from src\main\AndroidManifest.xml:198:13-36
	android:permission
		ADDED from src\main\AndroidManifest.xml:199:13-73
	android:name
		ADDED from src\main\AndroidManifest.xml:197:13-73
intent-filter#com.google.android.c2dm.intent.RECEIVE+com.google.android.c2dm.intent.REGISTRATION+com.medical.doctfin
ADDED from src\main\AndroidManifest.xml:200:13-205:29
action#com.google.android.c2dm.intent.RECEIVE
ADDED from src\main\AndroidManifest.xml:201:17-81
	android:name
		ADDED from src\main\AndroidManifest.xml:201:25-78
action#com.google.android.c2dm.intent.REGISTRATION
ADDED from src\main\AndroidManifest.xml:202:17-86
	android:name
		ADDED from src\main\AndroidManifest.xml:202:25-83
category#com.medical.doctfin
ADDED from src\main\AndroidManifest.xml:204:17-64
	android:name
		ADDED from src\main\AndroidManifest.xml:204:27-61
service#com.medical.notification.GcmIntentService
ADDED from src\main\AndroidManifest.xml:208:9-214:19
	android:exported
		ADDED from src\main\AndroidManifest.xml:210:13-37
	android:name
		ADDED from src\main\AndroidManifest.xml:209:13-69
intent-filter#com.google.android.c2dm.intent.RECEIVE
ADDED from src\main\AndroidManifest.xml:211:13-213:29
receiver#com.medical.notification.AppointmentReminderReciver
ADDED from src\main\AndroidManifest.xml:216:9-217:20
	android:name
		ADDED from src\main\AndroidManifest.xml:216:19-85
service#com.medical.firebase.MyFirebaseMessagingService
ADDED from src\main\AndroidManifest.xml:221:9-225:19
	android:name
		ADDED from src\main\AndroidManifest.xml:221:18-80
intent-filter#com.google.firebase.MESSAGING_EVENT
ADDED from src\main\AndroidManifest.xml:222:13-224:29
action#com.google.firebase.MESSAGING_EVENT
ADDED from src\main\AndroidManifest.xml:223:17-78
	android:name
		ADDED from src\main\AndroidManifest.xml:223:25-75
service#com.medical.firebase.MyFirebaseInstanceIDService
ADDED from src\main\AndroidManifest.xml:227:9-231:19
	android:name
		ADDED from src\main\AndroidManifest.xml:227:18-81
intent-filter#com.google.firebase.INSTANCE_ID_EVENT
ADDED from src\main\AndroidManifest.xml:228:13-230:29
action#com.google.firebase.INSTANCE_ID_EVENT
ADDED from src\main\AndroidManifest.xml:229:17-80
	android:name
		ADDED from src\main\AndroidManifest.xml:229:25-77
activity#com.medical.doctfin.AboutUsActivity
ADDED from src\main\AndroidManifest.xml:240:9-244:20
	android:label
		ADDED from src\main\AndroidManifest.xml:243:13-60
	android:configChanges
		ADDED from src\main\AndroidManifest.xml:242:14-60
	android:name
		ADDED from src\main\AndroidManifest.xml:241:13-63
activity#com.medical.doctfin.TermsAndCondActivity
ADDED from src\main\AndroidManifest.xml:245:9-249:20
	android:label
		ADDED from src\main\AndroidManifest.xml:248:13-66
	android:configChanges
		ADDED from src\main\AndroidManifest.xml:247:14-60
	android:name
		ADDED from src\main\AndroidManifest.xml:246:13-68
activity#com.google.android.gms.ads.AdActivity
ADDED from [com.google.android.gms:play-services-ads-lite:9.0.0] AndroidManifest.xml:26:9-29:64
	android:configChanges
		ADDED from [com.google.android.gms:play-services-ads-lite:9.0.0] AndroidManifest.xml:28:13-122
	android:theme
		ADDED from [com.google.android.gms:play-services-ads-lite:9.0.0] AndroidManifest.xml:29:13-61
	android:name
		ADDED from [com.google.android.gms:play-services-ads-lite:9.0.0] AndroidManifest.xml:27:13-65
activity#com.google.android.gms.ads.purchase.InAppPurchaseActivity
ADDED from [com.google.android.gms:play-services-ads-lite:9.0.0] AndroidManifest.xml:30:9-31:52
	android:theme
		ADDED from [com.google.android.gms:play-services-ads-lite:9.0.0] AndroidManifest.xml:31:13-50
	android:name
		ADDED from [com.google.android.gms:play-services-ads-lite:9.0.0] AndroidManifest.xml:30:19-91
activity#com.google.android.gms.appinvite.PreviewActivity
ADDED from [com.google.android.gms:play-services-appinvite:9.0.0] AndroidManifest.xml:21:9-29:20
	android:exported
		ADDED from [com.google.android.gms:play-services-appinvite:9.0.0] AndroidManifest.xml:23:17-40
	android:theme
		ADDED from [com.google.android.gms:play-services-appinvite:9.0.0] AndroidManifest.xml:24:17-63
	android:name
		ADDED from [com.google.android.gms:play-services-appinvite:9.0.0] AndroidManifest.xml:22:17-48
intent-filter#android.intent.category.DEFAULT+com.google.android.gms.appinvite.ACTION_PREVIEW
ADDED from [com.google.android.gms:play-services-appinvite:9.0.0] AndroidManifest.xml:25:13-28:29
action#com.google.android.gms.appinvite.ACTION_PREVIEW
ADDED from [com.google.android.gms:play-services-appinvite:9.0.0] AndroidManifest.xml:26:17-89
	android:name
		ADDED from [com.google.android.gms:play-services-appinvite:9.0.0] AndroidManifest.xml:26:25-87
activity#com.google.android.gms.auth.api.signin.internal.SignInHubActivity
ADDED from [com.google.android.gms:play-services-auth:9.0.0] AndroidManifest.xml:21:9-24:46
	android:excludeFromRecents
		ADDED from [com.google.android.gms:play-services-auth:9.0.0] AndroidManifest.xml:23:19-52
	android:exported
		ADDED from [com.google.android.gms:play-services-auth:9.0.0] AndroidManifest.xml:24:19-43
	android:theme
		ADDED from [com.google.android.gms:play-services-auth:9.0.0] AndroidManifest.xml:22:19-78
	android:name
		ADDED from [com.google.android.gms:play-services-auth:9.0.0] AndroidManifest.xml:21:19-68
service#com.google.android.gms.auth.api.signin.RevocationBoundService
ADDED from [com.google.android.gms:play-services-auth:9.0.0] AndroidManifest.xml:28:9-31:110
	android:exported
		ADDED from [com.google.android.gms:play-services-auth:9.0.0] AndroidManifest.xml:30:13-36
	android:permission
		ADDED from [com.google.android.gms:play-services-auth:9.0.0] AndroidManifest.xml:31:13-107
	android:name
		ADDED from [com.google.android.gms:play-services-auth:9.0.0] AndroidManifest.xml:29:13-58
service#com.google.firebase.crash.internal.service.FirebaseCrashReceiverService
ADDED from [com.google.firebase:firebase-crash:9.0.0] AndroidManifest.xml:26:9-27:50
	android:process
		ADDED from [com.google.firebase:firebase-crash:9.0.0] AndroidManifest.xml:27:13-48
	android:name
		ADDED from [com.google.firebase:firebase-crash:9.0.0] AndroidManifest.xml:26:18-79
service#com.google.firebase.crash.internal.service.FirebaseCrashSenderService
ADDED from [com.google.firebase:firebase-crash:9.0.0] AndroidManifest.xml:29:9-30:50
	android:process
		ADDED from [com.google.firebase:firebase-crash:9.0.0] AndroidManifest.xml:30:13-48
	android:name
		ADDED from [com.google.firebase:firebase-crash:9.0.0] AndroidManifest.xml:29:18-77
service#com.google.firebase.messaging.FirebaseMessagingService
ADDED from [com.google.firebase:firebase-messaging:9.0.0] AndroidManifest.xml:24:9-30:19
	android:exported
		ADDED from [com.google.firebase:firebase-messaging:9.0.0] AndroidManifest.xml:26:13-36
	android:name
		ADDED from [com.google.firebase:firebase-messaging:9.0.0] AndroidManifest.xml:25:13-82
service#com.google.android.gms.tagmanager.TagManagerService
ADDED from [com.google.android.gms:play-services-tagmanager-api:9.0.0] AndroidManifest.xml:25:9-27:42
	android:enabled
		ADDED from [com.google.android.gms:play-services-tagmanager-api:9.0.0] AndroidManifest.xml:27:17-39
	android:exported
		ADDED from [com.google.android.gms:play-services-tagmanager-api:9.0.0] AndroidManifest.xml:26:17-41
	android:name